<?xml version="1.0" encoding="UTF-8"?>
<testng-results ignored="0" total="2" passed="2" failed="0" skipped="0">
  <reporter-output>
  </reporter-output>
  <suite started-at="2022-12-24T16:12:54 AST" name="All Test Suite" finished-at="2022-12-24T16:13:02 AST" duration-ms="8132">
    <groups>
    </groups>
    <test started-at="2022-12-24T16:12:54 AST" name="/Users/alsadeqm/IdeaProjects/com.inflightcloud.akamaicareers" finished-at="2022-12-24T16:13:02 AST" duration-ms="8132">
      <class name="tests.HomePageTest">
        <test-method is-config="true" signature="initiateDriver(java.lang.String)[pri:0, instance:tests.HomePageTest@769e7ee8]" started-at="2022-12-24T16:12:51 AST" name="initiateDriver" finished-at="2022-12-24T16:12:54 AST" duration-ms="3118" status="PASS">
          <params>
            <param index="0">
              <value>
                <![CDATA[chrome]]>
              </value>
            </param>
          </params>
          <reporter-output>
          </reporter-output>
        </test-method> <!-- initiateDriver -->
        <test-method is-config="true" signature="setHomePageUrl(java.lang.String)[pri:0, instance:tests.HomePageTest@769e7ee8]" started-at="2022-12-24T16:12:54 AST" name="setHomePageUrl" finished-at="2022-12-24T16:12:54 AST" duration-ms="0" status="PASS">
          <params>
            <param index="0">
              <value>
                <![CDATA[https://akamaicareers.inflightcloud.com]]>
              </value>
            </param>
          </params>
          <reporter-output>
          </reporter-output>
        </test-method> <!-- setHomePageUrl -->
        <test-method is-config="true" signature="initiateHomePage()[pri:0, instance:tests.HomePageTest@769e7ee8]" started-at="2022-12-24T16:12:54 AST" name="initiateHomePage" finished-at="2022-12-24T16:12:54 AST" duration-ms="20" status="PASS">
          <reporter-output>
          </reporter-output>
        </test-method> <!-- initiateHomePage -->
        <test-method signature="unloggedCustomerCanSearchForAJob(java.lang.String,java.lang.String)[pri:0, instance:tests.HomePageTest@769e7ee8]" started-at="2022-12-24T16:12:54 AST" name="unloggedCustomerCanSearchForAJob" finished-at="2022-12-24T16:13:01 AST" duration-ms="6867" status="PASS">
          <params>
            <param index="0">
              <value>
                <![CDATA[Senior Software Development Engineer in Test]]>
              </value>
            </param>
            <param index="1">
              <value>
                <![CDATA[Poland]]>
              </value>
            </param>
          </params>
          <reporter-output>
          </reporter-output>
        </test-method> <!-- unloggedCustomerCanSearchForAJob -->
        <test-method signature="customerNotifiedWhenNoOffersMatchGivenCriteria(java.lang.String)[pri:0, instance:tests.HomePageTest@769e7ee8]" started-at="2022-12-24T16:13:01 AST" name="customerNotifiedWhenNoOffersMatchGivenCriteria" finished-at="2022-12-24T16:13:02 AST" duration-ms="1220" status="PASS">
          <params>
            <param index="0">
              <value>
                <![CDATA[XXX]]>
              </value>
            </param>
          </params>
          <reporter-output>
          </reporter-output>
        </test-method> <!-- customerNotifiedWhenNoOffersMatchGivenCriteria -->
        <test-method is-config="true" signature="initiateHomePage()[pri:0, instance:tests.HomePageTest@769e7ee8]" started-at="2022-12-24T16:13:01 AST" name="initiateHomePage" finished-at="2022-12-24T16:13:01 AST" duration-ms="0" status="PASS">
          <reporter-output>
          </reporter-output>
        </test-method> <!-- initiateHomePage -->
        <test-method is-config="true" signature="quitDriver()[pri:0, instance:tests.HomePageTest@769e7ee8]" started-at="2022-12-24T16:13:02 AST" name="quitDriver" finished-at="2022-12-24T16:13:02 AST" duration-ms="163" status="PASS">
          <reporter-output>
          </reporter-output>
        </test-method> <!-- quitDriver -->
      </class> <!-- tests.HomePageTest -->
    </test> <!-- /Users/alsadeqm/IdeaProjects/com.inflightcloud.akamaicareers -->
  </suite> <!-- All Test Suite -->
</testng-results>
