<?xml version="1.0" encoding="UTF-8"?>
<!-- Generated by org.testng.reporters.JUnitXMLReporter -->
<testsuite ignored="0" hostname="f8ffc202fbbf" failures="0" tests="2" name="/Users/alsadeqm/IdeaProjects/com.inflightcloud.akamaicareers" time="8.132" errors="0" timestamp="2022-12-24T16:13:02 AST">
  <testcase classname="tests.HomePageTest" name="unloggedCustomerCanSearchForAJob" time="6.867"/>
  <testcase classname="tests.HomePageTest" name="customerNotifiedWhenNoOffersMatchGivenCriteria" time="1.22"/>
</testsuite> <!-- /Users/alsadeqm/IdeaProjects/com.inflightcloud.akamaicareers -->
